#
# There is insufficient memory for the Java Runtime Environment to continue.
# Native memory allocation (mmap) failed to map 2097152 bytes for G1 virtual space
# Possible reasons:
#   The system is out of physical RAM or swap space
#   The process is running with CompressedOops enabled, and the Java Heap may be blocking the growth of the native heap
# Possible solutions:
#   Reduce memory load on the system
#   Increase physical memory or swap space
#   Check if swap backing store is full
#   Decrease Java heap size (-Xmx/-Xms)
#   Decrease number of Java threads
#   Decrease Java thread stack sizes (-Xss)
#   Set larger code cache with -XX:ReservedCodeCacheSize=
#   JVM is running with Unscaled Compressed Oops mode in which the Java heap is
#     placed in the first 4GB address space. The Java Heap base address is the
#     maximum limit for the native heap growth. Please use -XX:HeapBaseMinAddress
#     to set the Java Heap base and to place the Java Heap above 4GB virtual address.
# This output file may be truncated or incomplete.
#
#  Out of Memory Error (os_windows.cpp:3469), pid=23416, tid=6648
#
# JRE version:  (17.0.1+12) (build )
# Java VM: OpenJDK 64-Bit Server VM (17.0.1+12, mixed mode, sharing, tiered, compressed oops, compressed class ptrs, g1 gc, windows-amd64)
# No core dump will be written. Minidumps are not enabled by default on client versions of Windows
#

---------------  S U M M A R Y ------------

Command Line: -Dfile.encoding=UTF-8 -XX:+ShowCodeDetailsInExceptionMessages co.jp.prat2_x.Mainmenu

Host: Intel(R) Core(TM) i3-8100 CPU @ 3.60GHz, 4 cores, 7G,  Windows 10 , 64 bit Build 15063 (10.0.15063.1058)
Time: Sat Nov 19 00:50:11 2022 中国标准时间 elapsed time: 0.014960 seconds (0d 0h 0m 0s)

---------------  T H R E A D  ---------------

Current thread (0x0000025b2dcfc7c0):  JavaThread "Unknown thread" [_thread_in_vm, id=6648, stack(0x0000006924d00000,0x0000006924e00000)]

Stack: [0x0000006924d00000,0x0000006924e00000]
Native frames: (J=compiled Java code, j=interpreted, Vv=VM code, C=native code)
V  [jvm.dll+0x6744da]
V  [jvm.dll+0x82e144]
V  [jvm.dll+0x82f8ee]
V  [jvm.dll+0x82ff53]
V  [jvm.dll+0x245175]
V  [jvm.dll+0x6714c9]
V  [jvm.dll+0x665f92]
V  [jvm.dll+0x303c3b]
V  [jvm.dll+0x30b176]
V  [jvm.dll+0x35af33]
V  [jvm.dll+0x35b14f]
V  [jvm.dll+0x2dab78]
V  [jvm.dll+0x2dbae4]
V  [jvm.dll+0x7ffdf1]
V  [jvm.dll+0x368c91]
V  [jvm.dll+0x7df2cc]
V  [jvm.dll+0x3eb59f]
V  [jvm.dll+0x3ed121]
C  [jli.dll+0x5277]
C  [ucrtbase.dll+0x20279]
C  [KERNEL32.DLL+0x12784]
C  [ntdll.dll+0x50c31]


---------------  P R O C E S S  ---------------

Threads class SMR info:
_java_thread_list=0x00007ffbd2314e58, length=0, elements={
}

Java Threads: ( => current thread )

Other Threads:
  0x0000025b2dd3b450 GCTaskThread "GC Thread#0" [stack: 0x0000006924e00000,0x0000006924f00000] [id=15600]
  0x0000025b2dd4bee0 ConcurrentGCThread "G1 Main Marker" [stack: 0x0000006924f00000,0x0000006925000000] [id=15064]
  0x0000025b2dd4d500 ConcurrentGCThread "G1 Conc#0" [stack: 0x0000006925000000,0x0000006925100000] [id=13708]

[error occurred during error reporting (printing all threads), id 0xc0000005, EXCEPTION_ACCESS_VIOLATION (0xc0000005) at pc=0x00007ffbd1aeb5f7]

VM state: not at safepoint (not fully initialized)

VM Mutex/Monitor currently owned by a thread:  ([mutex/lock_event])
[0x0000025b2dcfa010] Heap_lock - owner thread: 0x0000025b2dcfc7c0

Heap address: 0x0000000081e00000, size: 2018 MB, Compressed Oops mode: 32-bit

CDS archive(s) mapped at: [0x0000000000000000-0x0000000000000000-0x0000000000000000), size 0, SharedBaseAddress: 0x0000000800000000, ArchiveRelocationMode: 0.
Narrow klass base: 0x0000000000000000, Narrow klass shift: 0, Narrow klass range: 0x0

GC Precious Log:
<Empty>

Heap:
 garbage-first heap   total 0K, used 0K [0x0000000081e00000, 0x0000000100000000)
  region size 1024K, 0 young (0K), 0 survivors (0K)

[error occurred during error reporting (printing heap information), id 0xc0000005, EXCEPTION_ACCESS_VIOLATION (0xc0000005) at pc=0x00007ffbd1ecd729]

GC Heap History (0 events):
No events

Deoptimization events (0 events):
No events

Classes unloaded (0 events):
No events

Classes redefined (0 events):
No events

Internal exceptions (0 events):
No events

VM Operations (0 events):
No events

Events (1 events):
Event: 0.009 Loaded shared library E:\JS\pleiades-2021-12-java-win-64bit-jre_20220106\pleiades\java\17\bin\java.dll


Dynamic libraries:
0x00007ff67daf0000 - 0x00007ff67dafe000 	E:\JS\pleiades-2021-12-java-win-64bit-jre_20220106\pleiades\java\17\bin\javaw.exe
0x00007ffc23d30000 - 0x00007ffc23f0b000 	C:\Windows\SYSTEM32\ntdll.dll
0x00007ffc23070000 - 0x00007ffc2311e000 	C:\Windows\System32\KERNEL32.DLL
0x00007ffc20620000 - 0x00007ffc2086a000 	C:\Windows\System32\KERNELBASE.dll
0x00007ffc21170000 - 0x00007ffc21266000 	C:\Windows\System32\ucrtbase.dll
0x00007ffc15430000 - 0x00007ffc15449000 	E:\JS\pleiades-2021-12-java-win-64bit-jre_20220106\pleiades\java\17\bin\VCRUNTIME140.dll
0x00007ffc15450000 - 0x00007ffc15468000 	E:\JS\pleiades-2021-12-java-win-64bit-jre_20220106\pleiades\java\17\bin\jli.dll
0x00007ffc23a40000 - 0x00007ffc23b8a000 	C:\Windows\System32\USER32.dll
0x00007ffc21270000 - 0x00007ffc2128e000 	C:\Windows\System32\win32u.dll
0x00007ffc120e0000 - 0x00007ffc12347000 	C:\Windows\WinSxS\amd64_microsoft.windows.common-controls_6595b64144ccf1df_6.0.15063.1155_none_40c7922129a7722b\COMCTL32.dll
0x00007ffc22850000 - 0x00007ffc22877000 	C:\Windows\System32\GDI32.dll
0x00007ffc22e30000 - 0x00007ffc22ecd000 	C:\Windows\System32\msvcrt.dll
0x00007ffc208e0000 - 0x00007ffc20a68000 	C:\Windows\System32\gdi32full.dll
0x00007ffc20520000 - 0x00007ffc205ba000 	C:\Windows\System32\msvcp_win.dll
0x00007ffc229a0000 - 0x00007ffc22c99000 	C:\Windows\System32\combase.dll
0x00007ffc22ee0000 - 0x00007ffc23005000 	C:\Windows\System32\RPCRT4.dll
0x00007ffc20870000 - 0x00007ffc208da000 	C:\Windows\System32\bcryptPrimitives.dll
0x00007ffc23780000 - 0x00007ffc237ad000 	C:\Windows\System32\IMM32.DLL
0x00007ffc15420000 - 0x00007ffc1542c000 	E:\JS\pleiades-2021-12-java-win-64bit-jre_20220106\pleiades\java\17\bin\vcruntime140_1.dll
0x00007ffc01430000 - 0x00007ffc014c1000 	E:\JS\pleiades-2021-12-java-win-64bit-jre_20220106\pleiades\java\17\bin\msvcp140.dll
0x00007ffbd1800000 - 0x00007ffbd2446000 	E:\JS\pleiades-2021-12-java-win-64bit-jre_20220106\pleiades\java\17\bin\server\jvm.dll
0x00007ffc23830000 - 0x00007ffc238d1000 	C:\Windows\System32\ADVAPI32.dll
0x00007ffc237d0000 - 0x00007ffc23829000 	C:\Windows\System32\sechost.dll
0x00007ffc22840000 - 0x00007ffc22848000 	C:\Windows\System32\PSAPI.DLL
0x00007ffc137d0000 - 0x00007ffc137d9000 	C:\Windows\SYSTEM32\WSOCK32.dll
0x00007ffc23670000 - 0x00007ffc236dc000 	C:\Windows\System32\WS2_32.dll
0x00007ffc13750000 - 0x00007ffc13773000 	C:\Windows\SYSTEM32\WINMM.dll
0x00007ffc177e0000 - 0x00007ffc177ea000 	C:\Windows\SYSTEM32\VERSION.dll
0x00007ffc13720000 - 0x00007ffc1374b000 	C:\Windows\SYSTEM32\WINMMBASE.dll
0x00007ffc204d0000 - 0x00007ffc20519000 	C:\Windows\System32\cfgmgr32.dll
0x00007ffc20230000 - 0x00007ffc20241000 	C:\Windows\System32\kernel.appcore.dll
0x00007ffc15410000 - 0x00007ffc1541a000 	E:\JS\pleiades-2021-12-java-win-64bit-jre_20220106\pleiades\java\17\bin\jimage.dll
0x00007ffc12980000 - 0x00007ffc12b29000 	C:\Windows\SYSTEM32\DBGHELP.DLL
0x00007ffc12350000 - 0x00007ffc12379000 	C:\Windows\SYSTEM32\dbgcore.DLL
0x00007ffc153e0000 - 0x00007ffc15405000 	E:\JS\pleiades-2021-12-java-win-64bit-jre_20220106\pleiades\java\17\bin\java.dll

dbghelp: loaded successfully - version: 4.0.5 - missing functions: none
symbol engine: initialized successfully - sym options: 0x614 - pdb path: .;E:\JS\pleiades-2021-12-java-win-64bit-jre_20220106\pleiades\java\17\bin;C:\Windows\SYSTEM32;C:\Windows\WinSxS\amd64_microsoft.windows.common-controls_6595b64144ccf1df_6.0.15063.1155_none_40c7922129a7722b;E:\JS\pleiades-2021-12-java-win-64bit-jre_20220106\pleiades\java\17\bin\server

VM Arguments:
jvm_args: -Dfile.encoding=UTF-8 -XX:+ShowCodeDetailsInExceptionMessages 
java_command: co.jp.prat2_x.Mainmenu
java_class_path (initial): E:\JS\ecl IDE\IotaJava_G4\bin
Launcher Type: SUN_STANDARD

[Global flags]
     intx CICompilerCount                          = 3                                         {product} {ergonomic}
     uint ConcGCThreads                            = 1                                         {product} {ergonomic}
     uint G1ConcRefinementThreads                  = 4                                         {product} {ergonomic}
   size_t G1HeapRegionSize                         = 1048576                                   {product} {ergonomic}
    uintx GCDrainStackTargetSize                   = 64                                        {product} {ergonomic}
   size_t InitialHeapSize                          = 134217728                                 {product} {ergonomic}
   size_t MarkStackSize                            = 4194304                                   {product} {ergonomic}
   size_t MaxHeapSize                              = 2116026368                                {product} {ergonomic}
   size_t MinHeapDeltaBytes                        = 1048576                                   {product} {ergonomic}
   size_t MinHeapSize                              = 8388608                                   {product} {ergonomic}
    uintx NonNMethodCodeHeapSize                   = 5832780                                {pd product} {ergonomic}
    uintx NonProfiledCodeHeapSize                  = 122912730                              {pd product} {ergonomic}
    uintx ProfiledCodeHeapSize                     = 122912730                              {pd product} {ergonomic}
    uintx ReservedCodeCacheSize                    = 251658240                              {pd product} {ergonomic}
     bool SegmentedCodeCache                       = true                                      {product} {ergonomic}
     bool ShowCodeDetailsInExceptionMessages       = true                                   {manageable} {command line}
   size_t SoftMaxHeapSize                          = 2116026368                             {manageable} {ergonomic}
     bool UseCompressedClassPointers               = true                           {product lp64_product} {ergonomic}
     bool UseCompressedOops                        = true                           {product lp64_product} {ergonomic}
     bool UseG1GC                                  = true                                      {product} {ergonomic}
     bool UseLargePagesIndividualAllocation        = false                                  {pd product} {ergonomic}

Logging:
Log output configuration:
 #0: stdout all=warning uptime,level,tags
 #1: stderr all=off uptime,level,tags

Environment Variables:
PATH=E:/JS/pleiades-2021-12-java-win-64bit-jre_20220106/pleiades/eclipse/jre/bin/server;E:/JS/pleiades-2021-12-java-win-64bit-jre_20220106/pleiades/eclipse/jre/bin;D:\windowfake\bin\;C:\Program Files (x86)\Intel\iCLS Client\;C:\Program Files\Intel\iCLS Client\;C:\Windows\system32;C:\Windows;C:\Windows\System32\Wbem;C:\Windows\System32\WindowsPowerShell\v1.0\;C:\Program Files (x86)\NVIDIA Corporation\PhysX\Common;C:\Program Files (x86)\Intel\Intel(R) Management Engine Components\DAL;C:\Program Files\Intel\Intel(R) Management Engine Components\DAL;C:\Program Files (x86)\Intel\Intel(R) Management Engine Components\IPT;C:\Program Files\Intel\Intel(R) Management Engine Components\IPT;E:\py\Scripts\;E:\py\;C:\Users\Alice\AppData\Local\Microsoft\WindowsApps;C:￥Program Files￥MeCab￥bin;;%;yCharm Community Edition%;E:\gretl;E:\JS\pleiades-2021-12-java-win-64bit-jre_20220106\pleiades\eclipse;
USERNAME=Alice
OS=Windows_NT
PROCESSOR_IDENTIFIER=Intel64 Family 6 Model 158 Stepping 11, GenuineIntel



---------------  S Y S T E M  ---------------

OS:
 Windows 10 , 64 bit Build 15063 (10.0.15063.1058)
OS uptime: 5 days 1:22 hours

CPU: total 4 (initial active 4) (4 cores per cpu, 1 threads per core) family 6 model 158 stepping 11 microcode 0x84, cx8, cmov, fxsr, mmx, 3dnowpref, sse, sse2, sse3, ssse3, sse4.1, sse4.2, popcnt, lzcnt, tsc, tscinvbit, avx, avx2, aes, erms, clmul, bmi1, bmi2, adx, fma, vzeroupper, clflush, clflushopt

Memory: 4k page, system-wide physical 8070M (1712M free)
TotalPageFile size 23079M (AvailPageFile size 6M)
current process WorkingSet (physical memory assigned to process): 10M, peak: 10M
current process commit charge ("private bytes"): 180M, peak: 182M

vm_info: OpenJDK 64-Bit Server VM (17.0.1+12) for windows-amd64 JRE (17.0.1+12), built on Oct 20 2021 07:42:55 by "" with MS VC++ 16.7 (VS2019)

END.
